2019-05-09 23:31:17.804 INFO [restartedMain]com.itennishy.yxShop.YxShopApplication.logStarting:50 -Starting YxShopApplication on Yuan with PID 22956 (C:\Users\Yuan\Desktop\yxShop\target\classes started by Yuan in C:\Users\Yuan\Desktop\yxShop)
2019-05-09 23:31:17.807 INFO [restartedMain]com.itennishy.yxShop.YxShopApplication.logStartupProfileInfo:675 -No active profile set, falling back to default profiles: default
2019-05-09 23:31:17.851 INFO [restartedMain]o.s.b.devtools.env.DevToolsPropertyDefaultsPostProcessor.logTo:227 -Devtools property defaults active! Set 'spring.devtools.add-properties' to 'false' to disable
2019-05-09 23:31:17.851 INFO [restartedMain]o.s.b.devtools.env.DevToolsPropertyDefaultsPostProcessor.logTo:227 -For additional web related logging consider setting the 'logging.level.web' property to 'DEBUG'
2019-05-09 23:31:18.531 INFO [restartedMain]o.s.d.repository.config.RepositoryConfigurationDelegate.multipleStoresDetected:244 -Multiple Spring Data modules found, entering strict repository configuration mode!
2019-05-09 23:31:18.534 INFO [restartedMain]o.s.d.repository.config.RepositoryConfigurationDelegate.registerRepositoriesIn:126 -Bootstrapping Spring Data repositories in DEFAULT mode.
2019-05-09 23:31:18.682 INFO [restartedMain]o.s.d.repository.config.RepositoryConfigurationDelegate.registerRepositoriesIn:182 -Finished Spring Data repository scanning in 142ms. Found 1 repository interfaces.
2019-05-09 23:31:18.697 INFO [restartedMain]o.s.d.repository.config.RepositoryConfigurationDelegate.multipleStoresDetected:244 -Multiple Spring Data modules found, entering strict repository configuration mode!
2019-05-09 23:31:18.699 INFO [restartedMain]o.s.d.repository.config.RepositoryConfigurationDelegate.registerRepositoriesIn:126 -Bootstrapping Spring Data repositories in DEFAULT mode.
2019-05-09 23:31:18.719 INFO [restartedMain]o.s.d.r.config.RepositoryConfigurationExtensionSupport.isStrictRepositoryCandidate:363 -Spring Data Redis - Could not safely identify store assignment for repository candidate interface com.itennishy.yxShop.repository.ArticleRepository.
2019-05-09 23:31:18.719 INFO [restartedMain]o.s.d.repository.config.RepositoryConfigurationDelegate.registerRepositoriesIn:182 -Finished Spring Data repository scanning in 11ms. Found 0 repository interfaces.
2019-05-09 23:31:19.104 INFO [restartedMain]o.s.c.s.PostProcessorRegistrationDelegate$BeanPostProcessorChecker.postProcessAfterInitialization:330 -Bean 'org.springframework.transaction.annotation.ProxyTransactionManagementConfiguration' of type [org.springframework.transaction.annotation.ProxyTransactionManagementConfiguration$$EnhancerBySpringCGLIB$$f0081659] is not eligible for getting processed by all BeanPostProcessors (for example: not eligible for auto-proxying)
2019-05-09 23:31:19.608 INFO [restartedMain]o.s.boot.web.embedded.tomcat.TomcatWebServer.initialize:90 -Tomcat initialized with port(s): 8080 (http)
2019-05-09 23:31:19.626 INFO [restartedMain]org.apache.coyote.http11.Http11NioProtocol.log:173 -Initializing ProtocolHandler ["http-nio-8080"]
2019-05-09 23:31:19.638 INFO [restartedMain]org.apache.catalina.core.StandardService.log:173 -Starting service [Tomcat]
2019-05-09 23:31:19.639 INFO [restartedMain]org.apache.catalina.core.StandardEngine.log:173 -Starting Servlet engine: [Apache Tomcat/9.0.17]
2019-05-09 23:31:19.771 INFO [restartedMain]o.a.catalina.core.ContainerBase.[Tomcat].[localhost].[/].log:173 -Initializing Spring embedded WebApplicationContext
2019-05-09 23:31:19.771 INFO [restartedMain]org.springframework.web.context.ContextLoader.prepareWebApplicationContext:296 -Root WebApplicationContext: initialization completed in 1920 ms
2019-05-09 23:31:20.134 INFO [restartedMain]org.elasticsearch.plugins.PluginsService.logPluginInfo:190 -no modules loaded
2019-05-09 23:31:20.135 INFO [restartedMain]org.elasticsearch.plugins.PluginsService.logPluginInfo:193 -loaded plugin [org.elasticsearch.index.reindex.ReindexPlugin]
2019-05-09 23:31:20.136 INFO [restartedMain]org.elasticsearch.plugins.PluginsService.logPluginInfo:193 -loaded plugin [org.elasticsearch.join.ParentJoinPlugin]
2019-05-09 23:31:20.136 INFO [restartedMain]org.elasticsearch.plugins.PluginsService.logPluginInfo:193 -loaded plugin [org.elasticsearch.percolator.PercolatorPlugin]
2019-05-09 23:31:20.136 INFO [restartedMain]org.elasticsearch.plugins.PluginsService.logPluginInfo:193 -loaded plugin [org.elasticsearch.script.mustache.MustachePlugin]
2019-05-09 23:31:20.136 INFO [restartedMain]org.elasticsearch.plugins.PluginsService.logPluginInfo:193 -loaded plugin [org.elasticsearch.transport.Netty4Plugin]
2019-05-09 23:31:21.176 INFO [restartedMain]o.s.data.elasticsearch.client.TransportClientFactoryBean.lambda$buildClient$0:88 -Adding transport node : 115.159.0.166:9300
2019-05-09 23:31:21.918 INFO [restartedMain]o.s.boot.devtools.autoconfigure.OptionalLiveReloadServer.startServer:57 -LiveReload server is running on port 35729
2019-05-09 23:31:22.072 WARN [restartedMain]o.s.b.w.s.c.AnnotationConfigServletWebServerApplicationContext.refresh:557 -Exception encountered during context initialization - cancelling refresh attempt: org.springframework.beans.factory.UnsatisfiedDependencyException: Error creating bean with name 'orderController': Unsatisfied dependency expressed through field 'producerService'; nested exception is org.springframework.beans.factory.UnsatisfiedDependencyException: Error creating bean with name 'producerServiceImpl': Unsatisfied dependency expressed through field 'jmsTemplate'; nested exception is org.springframework.beans.factory.NoSuchBeanDefinitionException: No qualifying bean of type 'org.springframework.jms.core.JmsMessagingTemplate' available: expected at least 1 bean which qualifies as autowire candidate. Dependency annotations: {@org.springframework.beans.factory.annotation.Autowired(required=true)}
2019-05-09 23:31:22.114 INFO [restartedMain]org.apache.catalina.core.StandardService.log:173 -Stopping service [Tomcat]
2019-05-09 23:31:22.130 INFO [restartedMain]o.s.b.a.logging.ConditionEvaluationReportLoggingListener.logMessage:142 -

Error starting ApplicationContext. To display the conditions report re-run your application with 'debug' enabled.
2019-05-09 23:33:55.704 INFO [restartedMain]com.itennishy.yxShop.YxShopApplication.logStarting:50 -Starting YxShopApplication on Yuan with PID 1592 (C:\Users\Yuan\Desktop\yxShop\target\classes started by Yuan in C:\Users\Yuan\Desktop\yxShop)
2019-05-09 23:33:55.706 INFO [restartedMain]com.itennishy.yxShop.YxShopApplication.logStartupProfileInfo:675 -No active profile set, falling back to default profiles: default
2019-05-09 23:33:55.750 INFO [restartedMain]o.s.b.devtools.env.DevToolsPropertyDefaultsPostProcessor.logTo:227 -Devtools property defaults active! Set 'spring.devtools.add-properties' to 'false' to disable
2019-05-09 23:33:55.751 INFO [restartedMain]o.s.b.devtools.env.DevToolsPropertyDefaultsPostProcessor.logTo:227 -For additional web related logging consider setting the 'logging.level.web' property to 'DEBUG'
2019-05-09 23:33:56.500 INFO [restartedMain]o.s.d.repository.config.RepositoryConfigurationDelegate.multipleStoresDetected:244 -Multiple Spring Data modules found, entering strict repository configuration mode!
2019-05-09 23:33:56.502 INFO [restartedMain]o.s.d.repository.config.RepositoryConfigurationDelegate.registerRepositoriesIn:126 -Bootstrapping Spring Data repositories in DEFAULT mode.
2019-05-09 23:33:56.636 INFO [restartedMain]o.s.d.repository.config.RepositoryConfigurationDelegate.registerRepositoriesIn:182 -Finished Spring Data repository scanning in 128ms. Found 1 repository interfaces.
2019-05-09 23:33:56.646 INFO [restartedMain]o.s.d.repository.config.RepositoryConfigurationDelegate.multipleStoresDetected:244 -Multiple Spring Data modules found, entering strict repository configuration mode!
2019-05-09 23:33:56.647 INFO [restartedMain]o.s.d.repository.config.RepositoryConfigurationDelegate.registerRepositoriesIn:126 -Bootstrapping Spring Data repositories in DEFAULT mode.
2019-05-09 23:33:56.665 INFO [restartedMain]o.s.d.r.config.RepositoryConfigurationExtensionSupport.isStrictRepositoryCandidate:363 -Spring Data Redis - Could not safely identify store assignment for repository candidate interface com.itennishy.yxShop.repository.ArticleRepository.
2019-05-09 23:33:56.666 INFO [restartedMain]o.s.d.repository.config.RepositoryConfigurationDelegate.registerRepositoriesIn:182 -Finished Spring Data repository scanning in 12ms. Found 0 repository interfaces.
2019-05-09 23:33:57.001 INFO [restartedMain]o.s.c.s.PostProcessorRegistrationDelegate$BeanPostProcessorChecker.postProcessAfterInitialization:330 -Bean 'org.springframework.transaction.annotation.ProxyTransactionManagementConfiguration' of type [org.springframework.transaction.annotation.ProxyTransactionManagementConfiguration$$EnhancerBySpringCGLIB$$77c6b8bc] is not eligible for getting processed by all BeanPostProcessors (for example: not eligible for auto-proxying)
2019-05-09 23:33:57.520 INFO [restartedMain]o.s.boot.web.embedded.tomcat.TomcatWebServer.initialize:90 -Tomcat initialized with port(s): 8080 (http)
2019-05-09 23:33:57.535 INFO [restartedMain]org.apache.coyote.http11.Http11NioProtocol.log:173 -Initializing ProtocolHandler ["http-nio-8080"]
2019-05-09 23:33:57.545 INFO [restartedMain]org.apache.catalina.core.StandardService.log:173 -Starting service [Tomcat]
2019-05-09 23:33:57.545 INFO [restartedMain]org.apache.catalina.core.StandardEngine.log:173 -Starting Servlet engine: [Apache Tomcat/9.0.17]
2019-05-09 23:33:57.684 INFO [restartedMain]o.a.catalina.core.ContainerBase.[Tomcat].[localhost].[/].log:173 -Initializing Spring embedded WebApplicationContext
2019-05-09 23:33:57.684 INFO [restartedMain]org.springframework.web.context.ContextLoader.prepareWebApplicationContext:296 -Root WebApplicationContext: initialization completed in 1933 ms
2019-05-09 23:33:58.062 INFO [restartedMain]org.elasticsearch.plugins.PluginsService.logPluginInfo:190 -no modules loaded
2019-05-09 23:33:58.064 INFO [restartedMain]org.elasticsearch.plugins.PluginsService.logPluginInfo:193 -loaded plugin [org.elasticsearch.index.reindex.ReindexPlugin]
2019-05-09 23:33:58.064 INFO [restartedMain]org.elasticsearch.plugins.PluginsService.logPluginInfo:193 -loaded plugin [org.elasticsearch.join.ParentJoinPlugin]
2019-05-09 23:33:58.064 INFO [restartedMain]org.elasticsearch.plugins.PluginsService.logPluginInfo:193 -loaded plugin [org.elasticsearch.percolator.PercolatorPlugin]
2019-05-09 23:33:58.065 INFO [restartedMain]org.elasticsearch.plugins.PluginsService.logPluginInfo:193 -loaded plugin [org.elasticsearch.script.mustache.MustachePlugin]
2019-05-09 23:33:58.065 INFO [restartedMain]org.elasticsearch.plugins.PluginsService.logPluginInfo:193 -loaded plugin [org.elasticsearch.transport.Netty4Plugin]
2019-05-09 23:33:59.099 INFO [restartedMain]o.s.data.elasticsearch.client.TransportClientFactoryBean.lambda$buildClient$0:88 -Adding transport node : 115.159.0.166:9300
2019-05-09 23:34:00.243 INFO [restartedMain]o.s.boot.devtools.autoconfigure.OptionalLiveReloadServer.startServer:57 -LiveReload server is running on port 35729
2019-05-09 23:34:00.704 WARN [restartedMain]o.s.b.w.s.c.AnnotationConfigServletWebServerApplicationContext.refresh:557 -Exception encountered during context initialization - cancelling refresh attempt: org.springframework.beans.factory.BeanCreationException: Error creating bean with name 'topicSub' defined in file [C:\Users\Yuan\Desktop\yxShop\target\classes\com\itennishy\yxShop\jms\TopicSub.class]: Initialization of bean failed; nested exception is org.springframework.beans.factory.UnsatisfiedDependencyException: Error creating bean with name 'jmsListenerContainerTopic' defined in com.itennishy.yxShop.YxShopApplication: Unsatisfied dependency expressed through method 'jmsListenerContainerTopic' parameter 0; nested exception is org.springframework.beans.factory.NoSuchBeanDefinitionException: No qualifying bean of type 'javax.jms.ConnectionFactory' available: expected at least 1 bean which qualifies as autowire candidate. Dependency annotations: {}
2019-05-09 23:34:01.715 INFO [restartedMain]org.apache.catalina.core.StandardService.log:173 -Stopping service [Tomcat]
2019-05-09 23:34:01.725 INFO [restartedMain]o.s.b.a.logging.ConditionEvaluationReportLoggingListener.logMessage:142 -

Error starting ApplicationContext. To display the conditions report re-run your application with 'debug' enabled.
